\BOOKMARK [0][-]{chapter.1}{\376\377\000I\000n\000t\000r\000o\000d\000u\000c\000t\000i\000o\000n}{}% 1
\BOOKMARK [1][-]{section.1.1}{\376\377\000C\000o\000u\000r\000s\000e\000\040\000O\000v\000e\000r\000v\000i\000e\000w}{chapter.1}% 2
\BOOKMARK [1][-]{section.1.2}{\376\377\000C\000o\000u\000r\000s\000e\000\040\000O\000b\000j\000e\000c\000t\000i\000v\000e\000s}{chapter.1}% 3
\BOOKMARK [1][-]{section.1.3}{\376\377\000W\000h\000o\000\040\000S\000h\000o\000u\000l\000d\000\040\000T\000a\000k\000e\000\040\000T\000h\000i\000s\000\040\000C\000o\000u\000r\000s\000e\000?}{chapter.1}% 4
\BOOKMARK [1][-]{section.1.4}{\376\377\000P\000r\000e\000r\000e\000q\000u\000i\000s\000i\000t\000e\000s}{chapter.1}% 5
\BOOKMARK [2][-]{subsection.1.4.1}{\376\377\000I\000n\000s\000t\000a\000l\000l\000i\000n\000g\000\040\000U\000b\000u\000n\000t\000u\000\040\000o\000n\000\040\000V\000i\000r\000t\000u\000a\000l\000B\000o\000x}{section.1.4}% 6
\BOOKMARK [3][-]{subsubsection*.3}{\376\377\000I\000n\000t\000r\000o\000d\000u\000c\000t\000i\000o\000n}{subsection.1.4.1}% 7
\BOOKMARK [3][-]{subsubsection*.4}{\376\377\000S\000t\000e\000p\000\040\0001\000:\000\040\000D\000o\000w\000n\000l\000o\000a\000d\000i\000n\000g\000\040\000U\000b\000u\000n\000t\000u\000\040\000I\000S\000O\000\040\000I\000m\000a\000g\000e}{subsection.1.4.1}% 8
\BOOKMARK [3][-]{subsubsection*.5}{\376\377\000S\000t\000e\000p\000\040\0002\000:\000\040\000C\000r\000e\000a\000t\000i\000n\000g\000\040\000a\000\040\000N\000e\000w\000\040\000V\000i\000r\000t\000u\000a\000l\000\040\000M\000a\000c\000h\000i\000n\000e}{subsection.1.4.1}% 9
\BOOKMARK [3][-]{subsubsection*.6}{\376\377\000S\000t\000e\000p\000\040\0003\000:\000\040\000I\000n\000s\000t\000a\000l\000l\000i\000n\000g\000\040\000U\000b\000u\000n\000t\000u\000\040\000o\000n\000\040\000t\000h\000e\000\040\000V\000i\000r\000t\000u\000a\000l\000\040\000M\000a\000c\000h\000i\000n\000e}{subsection.1.4.1}% 10
\BOOKMARK [3][-]{subsubsection*.7}{\376\377\000S\000t\000e\000p\000\040\0004\000:\000\040\000E\000s\000s\000e\000n\000t\000i\000a\000l\000\040\000P\000o\000s\000t\000-\000I\000n\000s\000t\000a\000l\000l\000a\000t\000i\000o\000n\000\040\000S\000e\000t\000u\000p}{subsection.1.4.1}% 11
\BOOKMARK [3][-]{subsubsection*.8}{\376\377\000S\000t\000e\000p\000\040\0005\000:\000\040\000I\000n\000s\000t\000a\000l\000l\000\040\000g\000c\000c\000\040\000a\000n\000d\000\040\000g\000f\000o\000r\000t\000r\000a\000n\000\040\000l\000i\000b\000r\000a\000r\000i\000e\000s}{subsection.1.4.1}% 12
\BOOKMARK [3][-]{subsubsection*.9}{\376\377\000C\000o\000n\000c\000l\000u\000s\000i\000o\000n}{subsection.1.4.1}% 13
\BOOKMARK [2][-]{subsection.1.4.2}{\376\377\000P\000y\000t\000h\000o\000n\000\040\000f\000o\000r\000\040\000A\000t\000o\000m\000i\000s\000t\000i\000c\000\040\000S\000i\000m\000u\000l\000a\000t\000i\000o\000n}{section.1.4}% 14
\BOOKMARK [3][-]{subsubsection*.10}{\376\377\000S\000e\000t\000t\000i\000n\000g\000\040\000u\000p\000\040\000a\000\040\000V\000i\000r\000t\000u\000a\000l\000\040\000E\000n\000v\000i\000r\000o\000n\000m\000e\000n\000t}{subsection.1.4.2}% 15
\BOOKMARK [3][-]{subsubsection*.11}{\376\377\000I\000n\000s\000t\000a\000l\000l\000i\000n\000g\000\040\000A\000S\000E}{subsection.1.4.2}% 16
\BOOKMARK [3][-]{subsubsection*.12}{\376\377\000P\000a\000r\000t\000\040\0003\000:\000\040\000P\000y\000t\000h\000o\000n\000\040\000B\000a\000s\000i\000c\000s\000\040\000R\000e\000v\000i\000e\000w}{subsection.1.4.2}% 17
\BOOKMARK [3][-]{subsubsection*.13}{\376\377\000I\000n\000t\000r\000o\000d\000u\000c\000t\000i\000o\000n\000\040\000t\000o\000\040\000P\000y\000t\000h\000o\000n}{subsection.1.4.2}% 18
\BOOKMARK [4][-]{paragraph*.14}{\376\377\000V\000a\000r\000i\000a\000b\000l\000e\000s\000\040\000a\000n\000d\000\040\000D\000a\000t\000a\000\040\000T\000y\000p\000e\000s}{subsubsection*.13}% 19
\BOOKMARK [4][-]{paragraph*.15}{\376\377\000C\000o\000n\000t\000r\000o\000l\000\040\000F\000l\000o\000w\000\040\000-\000\040\000C\000o\000n\000d\000i\000t\000i\000o\000n\000a\000l\000\040\000S\000t\000a\000t\000e\000m\000e\000n\000t\000s\000\040\000a\000n\000d\000\040\000L\000o\000o\000p\000s}{subsubsection*.13}% 20
\BOOKMARK [3][-]{subsubsection*.16}{\376\377\000F\000u\000n\000c\000t\000i\000o\000n\000s}{subsection.1.4.2}% 21
\BOOKMARK [3][-]{subsubsection*.17}{\376\377\000N\000u\000m\000P\000y\000\040\000B\000a\000s\000i\000c\000s}{subsection.1.4.2}% 22
\BOOKMARK [3][-]{subsubsection*.18}{\376\377\000I\000n\000t\000r\000o\000d\000u\000c\000t\000i\000o\000n\000\040\000t\000o\000\040\000M\000a\000t\000p\000l\000o\000t\000l\000i\000b}{subsection.1.4.2}% 23
\BOOKMARK [3][-]{subsubsection*.19}{\376\377\000C\000o\000n\000c\000l\000u\000s\000i\000o\000n}{subsection.1.4.2}% 24
\BOOKMARK [0][-]{chapter.2}{\376\377\000I\000n\000d\000i\000c\000e\000s\000\040\000a\000n\000d\000\040\000t\000a\000b\000l\000e\000s}{}% 25
